#! /opt/homebrew/Cellar/icarus-verilog/13.0/bin/vvp
:ivl_version "13.0 (stable)" "(v13_0)";
:ivl_delay_selection "TYPICAL";
:vpi_time_precision - 12;
:vpi_module "/opt/homebrew/Cellar/icarus-verilog/13.0/lib/ivl/system.vpi";
:vpi_module "/opt/homebrew/Cellar/icarus-verilog/13.0/lib/ivl/vhdl_sys.vpi";
:vpi_module "/opt/homebrew/Cellar/icarus-verilog/13.0/lib/ivl/vhdl_textio.vpi";
:vpi_module "/opt/homebrew/Cellar/icarus-verilog/13.0/lib/ivl/v2005_math.vpi";
:vpi_module "/opt/homebrew/Cellar/icarus-verilog/13.0/lib/ivl/va_math.vpi";
:vpi_module "/opt/homebrew/Cellar/icarus-verilog/13.0/lib/ivl/v2009.vpi";
S_0x102cd76c0 .scope package, "$unit" "$unit" 2 1;
 .timescale 0 0;
S_0x102cd7f40 .scope module, "tb_top_loop_test" "tb_top_loop_test" 3 3;
 .timescale -9 -12;
P_0x102cd80c0 .param/l "BIT_PERIOD_NS" 1 3 6, +C4<00000000000000011001011011100000>;
P_0x102cd8100 .param/l "CLK_PERIOD_NS" 1 3 5, +C4<00000000000000000000000000001010>;
P_0x102cd8140 .param/l "FRAME_GAP_NS" 1 3 8, +C4<00000000000010011000100101000000>;
P_0x102cd8180 .param/l "HALF_BIT_PERIOD_NS" 1 3 7, +C4<00000000000000001100101101110000>;
v0xbbac96a80_0 .var "clk", 0 0;
v0xbbac96b20_0 .var "echoed_byte", 7 0;
v0xbbac96bc0_0 .var "reset", 0 0;
v0xbbac96c60_0 .var "rx", 0 0;
v0xbbac96d00_0 .var "sent_byte", 7 0;
v0xbbac96da0_0 .net "tx", 0 0, L_0xbbb41d0a0;  1 drivers
S_0x102cd7000 .scope module, "dut" "top_loop_test" 3 18, 4 3 0, S_0x102cd7f40;
 .timescale -9 -12;
    .port_info 0 /INPUT 1 "clk";
    .port_info 1 /INPUT 1 "reset";
    .port_info 2 /INPUT 1 "rx";
    .port_info 3 /OUTPUT 1 "tx";
L_0xbbac3e060 .functor NOT 1, v0xbbac708c0_0, C4<0>, C4<0>, C4<0>;
L_0xbbac3e0d0 .functor NOT 1, v0xbbac708c0_0, C4<0>, C4<0>, C4<0>;
v0xbbac96440_0 .net "clk", 0 0, v0xbbac96a80_0;  1 drivers
v0xbbac964e0_0 .net "reset", 0 0, v0xbbac96bc0_0;  1 drivers
v0xbbac96580_0 .net "rx", 0 0, v0xbbac96c60_0;  1 drivers
v0xbbac96620_0 .net "tx", 0 0, L_0xbbb41d0a0;  alias, 1 drivers
v0xbbac966c0_0 .net "w_rx_data", 7 0, L_0xbbb41d5e0;  1 drivers
v0xbbac96760_0 .net "w_rx_empty", 0 0, v0xbbac708c0_0;  1 drivers
S_0x102cda360 .scope module, "U_UART_FIFO" "uart_fifo" 4 12, 5 3 0, S_0x102cd7000;
 .timescale -9 -12;
    .port_info 0 /INPUT 1 "clk";
    .port_info 1 /INPUT 1 "reset";
    .port_info 2 /OUTPUT 1 "tx";
    .port_info 3 /INPUT 1 "tx_en";
    .port_info 4 /INPUT 8 "tx_data";
    .port_info 5 /OUTPUT 1 "tx_full";
    .port_info 6 /INPUT 1 "rx";
    .port_info 7 /INPUT 1 "rx_en";
    .port_info 8 /OUTPUT 8 "rx_data";
    .port_info 9 /OUTPUT 1 "rx_empty";
L_0xbbac3de30 .functor NOT 1, v0xbbac72120_0, C4<0>, C4<0>, C4<0>;
v0xbbac95ae0_0 .net "clk", 0 0, v0xbbac96a80_0;  alias, 1 drivers
v0xbbac95b80_0 .net "reset", 0 0, v0xbbac96bc0_0;  alias, 1 drivers
v0xbbac95c20_0 .net "rx", 0 0, v0xbbac96c60_0;  alias, 1 drivers
v0xbbac95cc0_0 .net "rx_data", 7 0, L_0xbbb41d5e0;  alias, 1 drivers
v0xbbac95d60_0 .net "rx_empty", 0 0, v0xbbac708c0_0;  alias, 1 drivers
v0xbbac95e00_0 .net "rx_en", 0 0, L_0xbbac3e0d0;  1 drivers
v0xbbac95ea0_0 .net "tx", 0 0, L_0xbbb41d0a0;  alias, 1 drivers
v0xbbac95f40_0 .net "tx_data", 7 0, L_0xbbb41d5e0;  alias, 1 drivers
v0xbbac95fe0_0 .net "tx_en", 0 0, L_0xbbac3e060;  1 drivers
v0xbbac96080_0 .net "tx_full", 0 0, v0xbbac72300_0;  1 drivers
v0xbbac96120_0 .net "w_rx_data", 7 0, L_0xbbb41d500;  1 drivers
v0xbbac961c0_0 .net "w_rx_done", 0 0, v0xbbac94460_0;  1 drivers
v0xbbac96260_0 .net "w_tx_done", 0 0, L_0xbbb41d490;  1 drivers
v0xbbac96300_0 .net "w_tx_fifo_empty", 0 0, v0xbbac72120_0;  1 drivers
v0xbbac963a0_0 .net "w_tx_fifo_rdata", 7 0, L_0xbbb41d810;  1 drivers
S_0x102cd9660 .scope module, "U_Rx_Fifo" "fifo" 5 37, 6 1 0, S_0x102cda360;
 .timescale -9 -12;
    .port_info 0 /INPUT 1 "clk";
    .port_info 1 /INPUT 1 "reset";
    .port_info 2 /INPUT 1 "wr_en";
    .port_info 3 /OUTPUT 1 "full";
    .port_info 4 /INPUT 8 "wdata";
    .port_info 5 /INPUT 1 "rd_en";
    .port_info 6 /OUTPUT 1 "empty";
    .port_info 7 /OUTPUT 8 "rdata";
P_0xbbac54300 .param/l "ADDR_WIDTH" 0 6 2, +C4<00000000000000000000000000000011>;
P_0xbbac54340 .param/l "DATA_WIDTH" 0 6 3, +C4<00000000000000000000000000001000>;
L_0xbbac3dea0 .functor NOT 1, v0xbbac70aa0_0, C4<0>, C4<0>, C4<0>;
L_0xbbac3df10 .functor AND 1, v0xbbac94460_0, L_0xbbac3dea0, C4<1>, C4<1>;
v0xbbac71860_0 .net *"_ivl_0", 0 0, L_0xbbac3dea0;  1 drivers
v0xbbac71900_0 .net "clk", 0 0, v0xbbac96a80_0;  alias, 1 drivers
v0xbbac719a0_0 .net "empty", 0 0, v0xbbac708c0_0;  alias, 1 drivers
v0xbbac71a40_0 .net "full", 0 0, v0xbbac70aa0_0;  1 drivers
v0xbbac71ae0_0 .net "rd_en", 0 0, L_0xbbac3e0d0;  alias, 1 drivers
v0xbbac71b80_0 .net "rdata", 7 0, L_0xbbb41d5e0;  alias, 1 drivers
v0xbbac71c20_0 .net "reset", 0 0, v0xbbac96bc0_0;  alias, 1 drivers
v0xbbac71cc0_0 .net "w_raddr", 2 0, v0xbbac70d20_0;  1 drivers
v0xbbac71d60_0 .net "w_waddr", 2 0, L_0xbbb41d650;  1 drivers
v0xbbac71e00_0 .net "wdata", 7 0, L_0xbbb41d500;  alias, 1 drivers
v0xbbac71ea0_0 .net "wr_en", 0 0, v0xbbac94460_0;  alias, 1 drivers
S_0x102cd97e0 .scope module, "U_FIFO_CU" "fifo_control_unit" 6 37, 6 89 0, S_0x102cd9660;
 .timescale -9 -12;
    .port_info 0 /INPUT 1 "clk";
    .port_info 1 /INPUT 1 "reset";
    .port_info 2 /INPUT 1 "wr_en";
    .port_info 3 /OUTPUT 1 "full";
    .port_info 4 /OUTPUT 3 "waddr";
    .port_info 5 /INPUT 1 "rd_en";
    .port_info 6 /OUTPUT 1 "empty";
    .port_info 7 /OUTPUT 3 "raddr";
P_0xbbac4b300 .param/l "ADDR_WIDTH" 0 6 90, +C4<00000000000000000000000000000011>;
L_0xbbb41d650 .functor BUFZ 3, v0xbbac71040_0, C4<000>, C4<000>, C4<000>;
v0xbbac706e0_0 .net "clk", 0 0, v0xbbac96a80_0;  alias, 1 drivers
v0xbbac70780_0 .net "empty", 0 0, v0xbbac708c0_0;  alias, 1 drivers
v0xbbac70820_0 .var "empty_next", 0 0;
v0xbbac708c0_0 .var "empty_reg", 0 0;
v0xbbac70960_0 .net "full", 0 0, v0xbbac70aa0_0;  alias, 1 drivers
v0xbbac70a00_0 .var "full_next", 0 0;
v0xbbac70aa0_0 .var "full_reg", 0 0;
v0xbbac70b40_0 .net "raddr", 2 0, v0xbbac70d20_0;  alias, 1 drivers
v0xbbac70be0_0 .net "rd_en", 0 0, L_0xbbac3e0d0;  alias, 1 drivers
v0xbbac70c80_0 .var "rd_ptr_next", 2 0;
v0xbbac70d20_0 .var "rd_ptr_reg", 2 0;
v0xbbac70dc0_0 .net "reset", 0 0, v0xbbac96bc0_0;  alias, 1 drivers
v0xbbac70e60_0 .net "waddr", 2 0, L_0xbbb41d650;  alias, 1 drivers
v0xbbac70f00_0 .net "wr_en", 0 0, v0xbbac94460_0;  alias, 1 drivers
v0xbbac70fa0_0 .var "wr_ptr_next", 2 0;
v0xbbac71040_0 .var "wr_ptr_reg", 2 0;
E_0xbbb4403c0/0 .event anyedge, v0xbbac71040_0, v0xbbac70d20_0, v0xbbac70aa0_0, v0xbbac708c0_0;
E_0xbbb4403c0/1 .event anyedge, v0xbbac70f00_0, v0xbbac70be0_0, v0xbbac70c80_0, v0xbbac70fa0_0;
E_0xbbb4403c0 .event/or E_0xbbb4403c0/0, E_0xbbb4403c0/1;
E_0xbbb440400 .event posedge, v0xbbac70dc0_0, v0xbbac706e0_0;
S_0x102ccd320 .scope module, "U_RegFile" "register_file" 6 23, 6 55 0, S_0x102cd9660;
 .timescale -9 -12;
    .port_info 0 /INPUT 1 "clk";
    .port_info 1 /INPUT 1 "reset";
    .port_info 2 /INPUT 1 "wr_en";
    .port_info 3 /INPUT 3 "waddr";
    .port_info 4 /INPUT 8 "wdata";
    .port_info 5 /INPUT 3 "raddr";
    .port_info 6 /OUTPUT 8 "rdata";
P_0xbbac54380 .param/l "ADDR_WIDTH" 0 6 56, +C4<00000000000000000000000000000011>;
P_0xbbac543c0 .param/l "DATA_WIDTH" 0 6 57, +C4<00000000000000000000000000001000>;
L_0xbbb41d5e0 .functor BUFZ 8, L_0xbbb4680a0, C4<00000000>, C4<00000000>, C4<00000000>;
v0xbbac710e0_0 .net *"_ivl_0", 7 0, L_0xbbb4680a0;  1 drivers
v0xbbac71180_0 .net *"_ivl_2", 4 0, L_0xbbac96e40;  1 drivers
L_0xbba878010 .functor BUFT 1, C4<00>, C4<0>, C4<0>, C4<0>;
v0xbbac71220_0 .net *"_ivl_5", 1 0, L_0xbba878010;  1 drivers
v0xbbac712c0_0 .net "clk", 0 0, v0xbbac96a80_0;  alias, 1 drivers
v0xbbac71360_0 .var/i "i", 31 0;
v0xbbac71400 .array "mem", 7 0, 7 0;
v0xbbac714a0_0 .net "raddr", 2 0, v0xbbac70d20_0;  alias, 1 drivers
v0xbbac71540_0 .net "rdata", 7 0, L_0xbbb41d5e0;  alias, 1 drivers
v0xbbac715e0_0 .net "reset", 0 0, v0xbbac96bc0_0;  alias, 1 drivers
v0xbbac71680_0 .net "waddr", 2 0, L_0xbbb41d650;  alias, 1 drivers
v0xbbac71720_0 .net "wdata", 7 0, L_0xbbb41d500;  alias, 1 drivers
v0xbbac717c0_0 .net "wr_en", 0 0, L_0xbbac3df10;  1 drivers
L_0xbbb4680a0 .array/port v0xbbac71400, L_0xbbac96e40;
L_0xbbac96e40 .concat [ 3 2 0 0], v0xbbac70d20_0, L_0xbba878010;
S_0x102ccd4a0 .scope module, "U_Tx_Fifo" "fifo" 5 51, 6 1 0, S_0x102cda360;
 .timescale -9 -12;
    .port_info 0 /INPUT 1 "clk";
    .port_info 1 /INPUT 1 "reset";
    .port_info 2 /INPUT 1 "wr_en";
    .port_info 3 /OUTPUT 1 "full";
    .port_info 4 /INPUT 8 "wdata";
    .port_info 5 /INPUT 1 "rd_en";
    .port_info 6 /OUTPUT 1 "empty";
    .port_info 7 /OUTPUT 8 "rdata";
P_0xbbac54400 .param/l "ADDR_WIDTH" 0 6 2, +C4<00000000000000000000000000000011>;
P_0xbbac54440 .param/l "DATA_WIDTH" 0 6 3, +C4<00000000000000000000000000001000>;
L_0xbbac3df80 .functor NOT 1, v0xbbac72300_0, C4<0>, C4<0>, C4<0>;
L_0xbbac3dff0 .functor AND 1, L_0xbbac3e060, L_0xbbac3df80, C4<1>, C4<1>;
v0xbbac730c0_0 .net *"_ivl_0", 0 0, L_0xbbac3df80;  1 drivers
v0xbbac73160_0 .net "clk", 0 0, v0xbbac96a80_0;  alias, 1 drivers
v0xbbac73200_0 .net "empty", 0 0, v0xbbac72120_0;  alias, 1 drivers
v0xbbac732a0_0 .net "full", 0 0, v0xbbac72300_0;  alias, 1 drivers
v0xbbac73340_0 .net "rd_en", 0 0, L_0xbbb41d490;  alias, 1 drivers
v0xbbac733e0_0 .net "rdata", 7 0, L_0xbbb41d810;  alias, 1 drivers
v0xbbac73480_0 .net "reset", 0 0, v0xbbac96bc0_0;  alias, 1 drivers
v0xbbac73520_0 .net "w_raddr", 2 0, v0xbbac72580_0;  1 drivers
v0xbbac735c0_0 .net "w_waddr", 2 0, L_0xbbb41d880;  1 drivers
v0xbbac73660_0 .net "wdata", 7 0, L_0xbbb41d5e0;  alias, 1 drivers
v0xbbac73700_0 .net "wr_en", 0 0, L_0xbbac3e060;  alias, 1 drivers
S_0xbbac90000 .scope module, "U_FIFO_CU" "fifo_control_unit" 6 37, 6 89 0, S_0x102ccd4a0;
 .timescale -9 -12;
    .port_info 0 /INPUT 1 "clk";
    .port_info 1 /INPUT 1 "reset";
    .port_info 2 /INPUT 1 "wr_en";
    .port_info 3 /OUTPUT 1 "full";
    .port_info 4 /OUTPUT 3 "waddr";
    .port_info 5 /INPUT 1 "rd_en";
    .port_info 6 /OUTPUT 1 "empty";
    .port_info 7 /OUTPUT 3 "raddr";
P_0xbbac4b480 .param/l "ADDR_WIDTH" 0 6 90, +C4<00000000000000000000000000000011>;
L_0xbbb41d880 .functor BUFZ 3, v0xbbac728a0_0, C4<000>, C4<000>, C4<000>;
v0xbbac71f40_0 .net "clk", 0 0, v0xbbac96a80_0;  alias, 1 drivers
v0xbbac71fe0_0 .net "empty", 0 0, v0xbbac72120_0;  alias, 1 drivers
v0xbbac72080_0 .var "empty_next", 0 0;
v0xbbac72120_0 .var "empty_reg", 0 0;
v0xbbac721c0_0 .net "full", 0 0, v0xbbac72300_0;  alias, 1 drivers
v0xbbac72260_0 .var "full_next", 0 0;
v0xbbac72300_0 .var "full_reg", 0 0;
v0xbbac723a0_0 .net "raddr", 2 0, v0xbbac72580_0;  alias, 1 drivers
v0xbbac72440_0 .net "rd_en", 0 0, L_0xbbb41d490;  alias, 1 drivers
v0xbbac724e0_0 .var "rd_ptr_next", 2 0;
v0xbbac72580_0 .var "rd_ptr_reg", 2 0;
v0xbbac72620_0 .net "reset", 0 0, v0xbbac96bc0_0;  alias, 1 drivers
v0xbbac726c0_0 .net "waddr", 2 0, L_0xbbb41d880;  alias, 1 drivers
v0xbbac72760_0 .net "wr_en", 0 0, L_0xbbac3e060;  alias, 1 drivers
v0xbbac72800_0 .var "wr_ptr_next", 2 0;
v0xbbac728a0_0 .var "wr_ptr_reg", 2 0;
E_0xbbb440540/0 .event anyedge, v0xbbac728a0_0, v0xbbac72580_0, v0xbbac72300_0, v0xbbac72120_0;
E_0xbbb440540/1 .event anyedge, v0xbbac72760_0, v0xbbac72440_0, v0xbbac724e0_0, v0xbbac72800_0;
E_0xbbb440540 .event/or E_0xbbb440540/0, E_0xbbb440540/1;
S_0xbbac90180 .scope module, "U_RegFile" "register_file" 6 23, 6 55 0, S_0x102ccd4a0;
 .timescale -9 -12;
    .port_info 0 /INPUT 1 "clk";
    .port_info 1 /INPUT 1 "reset";
    .port_info 2 /INPUT 1 "wr_en";
    .port_info 3 /INPUT 3 "waddr";
    .port_info 4 /INPUT 8 "wdata";
    .port_info 5 /INPUT 3 "raddr";
    .port_info 6 /OUTPUT 8 "rdata";
P_0xbbac54480 .param/l "ADDR_WIDTH" 0 6 56, +C4<00000000000000000000000000000011>;
P_0xbbac544c0 .param/l "DATA_WIDTH" 0 6 57, +C4<00000000000000000000000000001000>;
L_0xbbb41d810 .functor BUFZ 8, L_0xbbb468140, C4<00000000>, C4<00000000>, C4<00000000>;
v0xbbac72940_0 .net *"_ivl_0", 7 0, L_0xbbb468140;  1 drivers
v0xbbac729e0_0 .net *"_ivl_2", 4 0, L_0xbbac96ee0;  1 drivers
L_0xbba878058 .functor BUFT 1, C4<00>, C4<0>, C4<0>, C4<0>;
v0xbbac72a80_0 .net *"_ivl_5", 1 0, L_0xbba878058;  1 drivers
v0xbbac72b20_0 .net "clk", 0 0, v0xbbac96a80_0;  alias, 1 drivers
v0xbbac72bc0_0 .var/i "i", 31 0;
v0xbbac72c60 .array "mem", 7 0, 7 0;
v0xbbac72d00_0 .net "raddr", 2 0, v0xbbac72580_0;  alias, 1 drivers
v0xbbac72da0_0 .net "rdata", 7 0, L_0xbbb41d810;  alias, 1 drivers
v0xbbac72e40_0 .net "reset", 0 0, v0xbbac96bc0_0;  alias, 1 drivers
v0xbbac72ee0_0 .net "waddr", 2 0, L_0xbbb41d880;  alias, 1 drivers
v0xbbac72f80_0 .net "wdata", 7 0, L_0xbbb41d5e0;  alias, 1 drivers
v0xbbac73020_0 .net "wr_en", 0 0, L_0xbbac3dff0;  1 drivers
L_0xbbb468140 .array/port v0xbbac72c60, L_0xbbac96ee0;
L_0xbbac96ee0 .concat [ 3 2 0 0], v0xbbac72580_0, L_0xbba878058;
S_0xbbac90300 .scope module, "U_UART" "uart" 5 22, 7 377 0, S_0x102cda360;
 .timescale -9 -12;
    .port_info 0 /INPUT 1 "clk";
    .port_info 1 /INPUT 1 "reset";
    .port_info 2 /INPUT 1 "start";
    .port_info 3 /INPUT 8 "tx_data";
    .port_info 4 /OUTPUT 1 "tx";
    .port_info 5 /OUTPUT 1 "tx_done";
    .port_info 6 /INPUT 1 "rx";
    .port_info 7 /OUTPUT 8 "rx_data";
    .port_info 8 /OUTPUT 1 "rx_done";
v0xbbac954a0_0 .net "clk", 0 0, v0xbbac96a80_0;  alias, 1 drivers
v0xbbac95540_0 .net "reset", 0 0, v0xbbac96bc0_0;  alias, 1 drivers
v0xbbac955e0_0 .net "rx", 0 0, v0xbbac96c60_0;  alias, 1 drivers
v0xbbac95680_0 .net "rx_data", 7 0, L_0xbbb41d500;  alias, 1 drivers
v0xbbac95720_0 .net "rx_done", 0 0, v0xbbac94460_0;  alias, 1 drivers
v0xbbac957c0_0 .net "start", 0 0, L_0xbbac3de30;  1 drivers
v0xbbac95860_0 .net "tx", 0 0, L_0xbbb41d0a0;  alias, 1 drivers
v0xbbac95900_0 .net "tx_data", 7 0, L_0xbbb41d810;  alias, 1 drivers
v0xbbac959a0_0 .net "tx_done", 0 0, L_0xbbb41d490;  alias, 1 drivers
v0xbbac95a40_0 .net "w_br_tick", 0 0, L_0xbbb41d260;  1 drivers
S_0xbbac90480 .scope module, "U_BAUDRATE_GEN" "baudrate_generator" 7 396, 7 427 0, S_0xbbac90300;
 .timescale -9 -12;
    .port_info 0 /INPUT 1 "clk";
    .port_info 1 /INPUT 1 "reset";
    .port_info 2 /OUTPUT 1 "br_tick";
L_0xbbb41d260 .functor BUFZ 1, v0xbbac73b60_0, C4<0>, C4<0>, C4<0>;
v0xbbac737a0_0 .net "br_tick", 0 0, L_0xbbb41d260;  alias, 1 drivers
v0xbbac73840_0 .net "clk", 0 0, v0xbbac96a80_0;  alias, 1 drivers
v0xbbac738e0_0 .var "counter_next", 9 0;
v0xbbac73980_0 .var "counter_reg", 9 0;
v0xbbac73a20_0 .net "reset", 0 0, v0xbbac96bc0_0;  alias, 1 drivers
v0xbbac73ac0_0 .var "tick_next", 0 0;
v0xbbac73b60_0 .var "tick_reg", 0 0;
E_0xbbb4405c0 .event anyedge, v0xbbac73980_0;
S_0xbbac90600 .scope module, "U_Receiver" "receiver" 7 414, 7 578 0, S_0xbbac90300;
 .timescale -9 -12;
    .port_info 0 /INPUT 1 "clk";
    .port_info 1 /INPUT 1 "reset";
    .port_info 2 /INPUT 1 "br_tick";
    .port_info 3 /INPUT 1 "rx";
    .port_info 4 /OUTPUT 8 "rx_data";
    .port_info 5 /OUTPUT 1 "rx_done";
P_0x102cd7840 .param/l "DATA" 1 7 587, +C4<00000000000000000000000000000010>;
P_0x102cd7880 .param/l "IDLE" 1 7 587, +C4<00000000000000000000000000000000>;
P_0x102cd78c0 .param/l "START" 1 7 587, +C4<00000000000000000000000000000001>;
P_0x102cd7900 .param/l "STOP" 1 7 587, +C4<00000000000000000000000000000011>;
L_0xbbb41d500 .functor BUFZ 8, v0xbbac94280_0, C4<00000000>, C4<00000000>, C4<00000000>;
v0xbbac73c00_0 .var "br_cnt_next", 3 0;
v0xbbac73ca0_0 .var "br_cnt_reg", 3 0;
v0xbbac73d40_0 .net "br_tick", 0 0, L_0xbbb41d260;  alias, 1 drivers
v0xbbac73de0_0 .net "clk", 0 0, v0xbbac96a80_0;  alias, 1 drivers
v0xbbac73e80_0 .var "data_bit_cnt_next", 2 0;
v0xbbac73f20_0 .var "data_bit_cnt_reg", 2 0;
v0xbbac94000_0 .net "reset", 0 0, v0xbbac96bc0_0;  alias, 1 drivers
v0xbbac940a0_0 .net "rx", 0 0, v0xbbac96c60_0;  alias, 1 drivers
v0xbbac94140_0 .net "rx_data", 7 0, L_0xbbb41d500;  alias, 1 drivers
v0xbbac941e0_0 .var "rx_data_next", 7 0;
v0xbbac94280_0 .var "rx_data_reg", 7 0;
v0xbbac94320_0 .net "rx_done", 0 0, v0xbbac94460_0;  alias, 1 drivers
v0xbbac943c0_0 .var "rx_done_next", 0 0;
v0xbbac94460_0 .var "rx_done_reg", 0 0;
v0xbbac94500_0 .var "rx_sync1_next", 0 0;
v0xbbac945a0_0 .var "rx_sync1_reg", 0 0;
v0xbbac94640_0 .var "rx_sync2_next", 0 0;
v0xbbac946e0_0 .var "rx_sync2_reg", 0 0;
v0xbbac94780_0 .var "state", 1 0;
v0xbbac94820_0 .var "state_next", 1 0;
E_0xbbb440600/0 .event anyedge, v0xbbac94780_0, v0xbbac73ca0_0, v0xbbac73f20_0, v0xbbac94280_0;
E_0xbbb440600/1 .event anyedge, v0xbbac94460_0, v0xbbac940a0_0, v0xbbac945a0_0, v0xbbac946e0_0;
E_0xbbb440600/2 .event anyedge, v0xbbac737a0_0;
E_0xbbb440600 .event/or E_0xbbb440600/0, E_0xbbb440600/1, E_0xbbb440600/2;
S_0xbbac90780 .scope module, "U_Trnasmitter" "transmitter" 7 403, 7 467 0, S_0xbbac90300;
 .timescale -9 -12;
    .port_info 0 /INPUT 1 "clk";
    .port_info 1 /INPUT 1 "reset";
    .port_info 2 /INPUT 1 "br_tick";
    .port_info 3 /INPUT 1 "start";
    .port_info 4 /INPUT 8 "tx_data";
    .port_info 5 /OUTPUT 1 "tx";
    .port_info 6 /OUTPUT 1 "tx_done";
P_0x102cd8520 .param/l "DATA" 1 7 477, +C4<00000000000000000000000000000010>;
P_0x102cd8560 .param/l "IDLE" 1 7 477, +C4<00000000000000000000000000000000>;
P_0x102cd85a0 .param/l "START" 1 7 477, +C4<00000000000000000000000000000001>;
P_0x102cd85e0 .param/l "STOP" 1 7 477, +C4<00000000000000000000000000000011>;
L_0xbbb41d0a0 .functor BUFZ 1, v0xbbac95400_0, C4<0>, C4<0>, C4<0>;
L_0xbbb41d490 .functor BUFZ 1, v0xbbac952c0_0, C4<0>, C4<0>, C4<0>;
v0xbbac948c0_0 .var "br_cnt_next", 3 0;
v0xbbac94960_0 .var "br_cnt_reg", 3 0;
v0xbbac94a00_0 .net "br_tick", 0 0, L_0xbbb41d260;  alias, 1 drivers
v0xbbac94aa0_0 .net "clk", 0 0, v0xbbac96a80_0;  alias, 1 drivers
v0xbbac94b40_0 .var "data_bit_cnt_next", 2 0;
v0xbbac94be0_0 .var "data_bit_cnt_reg", 2 0;
v0xbbac94c80_0 .var "data_tmp_next", 7 0;
v0xbbac94d20_0 .var "data_tmp_reg", 7 0;
v0xbbac94dc0_0 .net "reset", 0 0, v0xbbac96bc0_0;  alias, 1 drivers
v0xbbac94e60_0 .net "start", 0 0, L_0xbbac3de30;  alias, 1 drivers
v0xbbac94f00_0 .var "state", 1 0;
v0xbbac94fa0_0 .var "state_next", 1 0;
v0xbbac95040_0 .net "tx", 0 0, L_0xbbb41d0a0;  alias, 1 drivers
v0xbbac950e0_0 .net "tx_data", 7 0, L_0xbbb41d810;  alias, 1 drivers
v0xbbac95180_0 .net "tx_done", 0 0, L_0xbbb41d490;  alias, 1 drivers
v0xbbac95220_0 .var "tx_done_next", 0 0;
v0xbbac952c0_0 .var "tx_done_reg", 0 0;
v0xbbac95360_0 .var "tx_next", 0 0;
v0xbbac95400_0 .var "tx_reg", 0 0;
E_0xbbb4406c0/0 .event anyedge, v0xbbac94f00_0, v0xbbac94d20_0, v0xbbac95400_0, v0xbbac94960_0;
E_0xbbb4406c0/1 .event anyedge, v0xbbac94be0_0, v0xbbac952c0_0, v0xbbac94e60_0, v0xbbac72da0_0;
E_0xbbb4406c0/2 .event anyedge, v0xbbac737a0_0;
E_0xbbb4406c0 .event/or E_0xbbb4406c0/0, E_0xbbb4406c0/1, E_0xbbb4406c0/2;
S_0xbbac90900 .scope task, "receive_uart_byte" "receive_uart_byte" 3 45, 3 45 0, S_0x102cd7f40;
 .timescale -9 -12;
v0xbbac96800_0 .var/i "bit_idx", 31 0;
v0xbbac968a0_0 .var "data", 7 0;
E_0xbbb440740 .event negedge, v0xbbac95040_0;
TD_tb_top_loop_test.receive_uart_byte ;
    %pushi/vec4 0, 0, 8;
    %store/vec4 v0xbbac968a0_0, 0, 8;
    %wait E_0xbbb440740;
    %delay 156240000, 0;
    %pushi/vec4 0, 0, 32;
    %store/vec4 v0xbbac96800_0, 0, 32;
T_0.0 ; Top of for-loop
    %load/vec4 v0xbbac96800_0;
    %cmpi/s 8, 0, 32;
	  %jmp/0xz T_0.1, 5;
    %load/vec4 v0xbbac96da0_0;
    %ix/getv/s 4, v0xbbac96800_0;
    %store/vec4 v0xbbac968a0_0, 4, 1;
    %delay 104160000, 0;
T_0.2 ; for-loop step statement
    %load/vec4 v0xbbac96800_0;
    %addi 1, 0, 32;
    %store/vec4 v0xbbac96800_0, 0, 32;
    %jmp T_0.0;
T_0.1 ; for-loop exit label
    %delay 104160000, 0;
    %end;
S_0xbbac90a80 .scope task, "send_uart_byte" "send_uart_byte" 3 27, 3 27 0, S_0x102cd7f40;
 .timescale -9 -12;
v0xbbac96940_0 .var/i "bit_idx", 31 0;
v0xbbac969e0_0 .var "data", 7 0;
TD_tb_top_loop_test.send_uart_byte ;
    %pushi/vec4 1, 0, 1;
    %assign/vec4 v0xbbac96c60_0, 0;
    %delay 104160000, 0;
    %pushi/vec4 0, 0, 1;
    %assign/vec4 v0xbbac96c60_0, 0;
    %delay 104160000, 0;
    %pushi/vec4 0, 0, 32;
    %store/vec4 v0xbbac96940_0, 0, 32;
T_1.3 ; Top of for-loop
    %load/vec4 v0xbbac96940_0;
    %cmpi/s 8, 0, 32;
	  %jmp/0xz T_1.4, 5;
    %load/vec4 v0xbbac969e0_0;
    %load/vec4 v0xbbac96940_0;
    %part/s 1;
    %assign/vec4 v0xbbac96c60_0, 0;
    %delay 104160000, 0;
T_1.5 ; for-loop step statement
    %load/vec4 v0xbbac96940_0;
    %addi 1, 0, 32;
    %store/vec4 v0xbbac96940_0, 0, 32;
    %jmp T_1.3;
T_1.4 ; for-loop exit label
    %pushi/vec4 1, 0, 1;
    %assign/vec4 v0xbbac96c60_0, 0;
    %delay 104160000, 0;
    %delay 624960000, 0;
    %end;
    .scope S_0xbbac90480;
T_2 ;
    %wait E_0xbbb440400;
    %load/vec4 v0xbbac73a20_0;
    %flag_set/vec4 8;
    %jmp/0xz  T_2.0, 8;
    %pushi/vec4 0, 0, 10;
    %assign/vec4 v0xbbac73980_0, 0;
    %pushi/vec4 0, 0, 1;
    %assign/vec4 v0xbbac73b60_0, 0;
    %jmp T_2.1;
T_2.0 ;
    %load/vec4 v0xbbac738e0_0;
    %assign/vec4 v0xbbac73980_0, 0;
    %load/vec4 v0xbbac73ac0_0;
    %assign/vec4 v0xbbac73b60_0, 0;
T_2.1 ;
    %jmp T_2;
    .thread T_2;
    .scope S_0xbbac90480;
T_3 ;
    %wait E_0xbbb4405c0;
    %load/vec4 v0xbbac73980_0;
    %store/vec4 v0xbbac738e0_0, 0, 10;
    %load/vec4 v0xbbac73980_0;
    %pad/u 32;
    %cmpi/e 650, 0, 32;
    %jmp/0xz  T_3.0, 4;
    %pushi/vec4 0, 0, 10;
    %store/vec4 v0xbbac738e0_0, 0, 10;
    %pushi/vec4 1, 0, 1;
    %store/vec4 v0xbbac73ac0_0, 0, 1;
    %jmp T_3.1;
T_3.0 ;
    %load/vec4 v0xbbac73980_0;
    %addi 1, 0, 10;
    %assign/vec4 v0xbbac738e0_0, 0;
    %pushi/vec4 0, 0, 1;
    %store/vec4 v0xbbac73ac0_0, 0, 1;
T_3.1 ;
    %jmp T_3;
    .thread T_3, $push;
    .scope S_0xbbac90780;
T_4 ;
    %wait E_0xbbb440400;
    %load/vec4 v0xbbac94dc0_0;
    %flag_set/vec4 8;
    %jmp/0xz  T_4.0, 8;
    %pushi/vec4 0, 0, 2;
    %assign/vec4 v0xbbac94f00_0, 0;
    %pushi/vec4 1, 0, 1;
    %assign/vec4 v0xbbac95400_0, 0;
    %pushi/vec4 0, 0, 1;
    %assign/vec4 v0xbbac952c0_0, 0;
    %pushi/vec4 0, 0, 4;
    %assign/vec4 v0xbbac94960_0, 0;
    %pushi/vec4 0, 0, 3;
    %assign/vec4 v0xbbac94be0_0, 0;
    %pushi/vec4 0, 0, 8;
    %assign/vec4 v0xbbac94d20_0, 0;
    %jmp T_4.1;
T_4.0 ;
    %load/vec4 v0xbbac94fa0_0;
    %assign/vec4 v0xbbac94f00_0, 0;
    %load/vec4 v0xbbac95360_0;
    %assign/vec4 v0xbbac95400_0, 0;
    %load/vec4 v0xbbac95220_0;
    %assign/vec4 v0xbbac952c0_0, 0;
    %load/vec4 v0xbbac948c0_0;
    %assign/vec4 v0xbbac94960_0, 0;
    %load/vec4 v0xbbac94b40_0;
    %assign/vec4 v0xbbac94be0_0, 0;
    %load/vec4 v0xbbac94c80_0;
    %assign/vec4 v0xbbac94d20_0, 0;
T_4.1 ;
    %jmp T_4;
    .thread T_4;
    .scope S_0xbbac90780;
T_5 ;
    %wait E_0xbbb4406c0;
    %load/vec4 v0xbbac94f00_0;
    %store/vec4 v0xbbac94fa0_0, 0, 2;
    %load/vec4 v0xbbac94d20_0;
    %store/vec4 v0xbbac94c80_0, 0, 8;
    %load/vec4 v0xbbac95400_0;
    %store/vec4 v0xbbac95360_0, 0, 1;
    %load/vec4 v0xbbac94960_0;
    %store/vec4 v0xbbac948c0_0, 0, 4;
    %load/vec4 v0xbbac94be0_0;
    %store/vec4 v0xbbac94b40_0, 0, 3;
    %load/vec4 v0xbbac952c0_0;
    %store/vec4 v0xbbac95220_0, 0, 1;
    %load/vec4 v0xbbac94f00_0;
    %dup/vec4;
    %pushi/vec4 0, 0, 2;
    %cmp/u;
    %jmp/1 T_5.0, 6;
    %dup/vec4;
    %pushi/vec4 1, 0, 2;
    %cmp/u;
    %jmp/1 T_5.1, 6;
    %dup/vec4;
    %pushi/vec4 2, 0, 2;
    %cmp/u;
    %jmp/1 T_5.2, 6;
    %dup/vec4;
    %pushi/vec4 3, 0, 2;
    %cmp/u;
    %jmp/1 T_5.3, 6;
    %jmp T_5.4;
T_5.0 ;
    %pushi/vec4 0, 0, 1;
    %store/vec4 v0xbbac95220_0, 0, 1;
    %pushi/vec4 1, 0, 1;
    %store/vec4 v0xbbac95360_0, 0, 1;
    %load/vec4 v0xbbac94e60_0;
    %flag_set/vec4 8;
    %jmp/0xz  T_5.5, 8;
    %pushi/vec4 1, 0, 2;
    %store/vec4 v0xbbac94fa0_0, 0, 2;
    %load/vec4 v0xbbac950e0_0;
    %store/vec4 v0xbbac94c80_0, 0, 8;
    %pushi/vec4 0, 0, 4;
    %store/vec4 v0xbbac948c0_0, 0, 4;
    %pushi/vec4 0, 0, 3;
    %store/vec4 v0xbbac94b40_0, 0, 3;
T_5.5 ;
    %jmp T_5.4;
T_5.1 ;
    %pushi/vec4 0, 0, 1;
    %store/vec4 v0xbbac95360_0, 0, 1;
    %load/vec4 v0xbbac94a00_0;
    %flag_set/vec4 8;
    %jmp/0xz  T_5.7, 8;
    %load/vec4 v0xbbac94960_0;
    %pad/u 32;
    %cmpi/e 15, 0, 32;
    %jmp/0xz  T_5.9, 4;
    %pushi/vec4 2, 0, 2;
    %store/vec4 v0xbbac94fa0_0, 0, 2;
    %pushi/vec4 0, 0, 4;
    %store/vec4 v0xbbac948c0_0, 0, 4;
    %jmp T_5.10;
T_5.9 ;
    %load/vec4 v0xbbac94960_0;
    %addi 1, 0, 4;
    %store/vec4 v0xbbac948c0_0, 0, 4;
T_5.10 ;
T_5.7 ;
    %jmp T_5.4;
T_5.2 ;
    %load/vec4 v0xbbac94d20_0;
    %parti/s 1, 0, 2;
    %store/vec4 v0xbbac95360_0, 0, 1;
    %load/vec4 v0xbbac94a00_0;
    %flag_set/vec4 8;
    %jmp/0xz  T_5.11, 8;
    %load/vec4 v0xbbac94960_0;
    %pad/u 32;
    %cmpi/e 15, 0, 32;
    %jmp/0xz  T_5.13, 4;
    %load/vec4 v0xbbac94be0_0;
    %pad/u 32;
    %cmpi/e 7, 0, 32;
    %jmp/0xz  T_5.15, 4;
    %pushi/vec4 3, 0, 2;
    %store/vec4 v0xbbac94fa0_0, 0, 2;
    %pushi/vec4 0, 0, 4;
    %store/vec4 v0xbbac948c0_0, 0, 4;
    %jmp T_5.16;
T_5.15 ;
    %load/vec4 v0xbbac94be0_0;
    %addi 1, 0, 3;
    %store/vec4 v0xbbac94b40_0, 0, 3;
    %pushi/vec4 0, 0, 1;
    %load/vec4 v0xbbac94d20_0;
    %parti/s 7, 1, 2;
    %concat/vec4; draw_concat_vec4
    %store/vec4 v0xbbac94c80_0, 0, 8;
    %pushi/vec4 0, 0, 4;
    %store/vec4 v0xbbac948c0_0, 0, 4;
T_5.16 ;
    %jmp T_5.14;
T_5.13 ;
    %load/vec4 v0xbbac94960_0;
    %addi 1, 0, 4;
    %store/vec4 v0xbbac948c0_0, 0, 4;
T_5.14 ;
T_5.11 ;
    %jmp T_5.4;
T_5.3 ;
    %pushi/vec4 1, 0, 1;
    %store/vec4 v0xbbac95360_0, 0, 1;
    %load/vec4 v0xbbac94a00_0;
    %flag_set/vec4 8;
    %jmp/0xz  T_5.17, 8;
    %load/vec4 v0xbbac94960_0;
    %pad/u 32;
    %cmpi/e 15, 0, 32;
    %jmp/0xz  T_5.19, 4;
    %pushi/vec4 1, 0, 1;
    %store/vec4 v0xbbac95220_0, 0, 1;
    %pushi/vec4 0, 0, 2;
    %store/vec4 v0xbbac94fa0_0, 0, 2;
    %jmp T_5.20;
T_5.19 ;
    %load/vec4 v0xbbac94960_0;
    %addi 1, 0, 4;
    %store/vec4 v0xbbac948c0_0, 0, 4;
T_5.20 ;
T_5.17 ;
    %jmp T_5.4;
T_5.4 ;
    %pop/vec4 1;
    %jmp T_5;
    .thread T_5, $push;
    .scope S_0xbbac90600;
T_6 ;
    %wait E_0xbbb440400;
    %load/vec4 v0xbbac94000_0;
    %flag_set/vec4 8;
    %jmp/0xz  T_6.0, 8;
    %pushi/vec4 0, 0, 2;
    %assign/vec4 v0xbbac94780_0, 0;
    %pushi/vec4 0, 0, 8;
    %assign/vec4 v0xbbac94280_0, 0;
    %pushi/vec4 0, 0, 1;
    %assign/vec4 v0xbbac94460_0, 0;
    %pushi/vec4 0, 0, 4;
    %assign/vec4 v0xbbac73ca0_0, 0;
    %pushi/vec4 0, 0, 3;
    %assign/vec4 v0xbbac73f20_0, 0;
    %pushi/vec4 1, 0, 1;
    %assign/vec4 v0xbbac945a0_0, 0;
    %pushi/vec4 1, 0, 1;
    %assign/vec4 v0xbbac946e0_0, 0;
    %jmp T_6.1;
T_6.0 ;
    %load/vec4 v0xbbac94820_0;
    %assign/vec4 v0xbbac94780_0, 0;
    %load/vec4 v0xbbac941e0_0;
    %assign/vec4 v0xbbac94280_0, 0;
    %load/vec4 v0xbbac943c0_0;
    %assign/vec4 v0xbbac94460_0, 0;
    %load/vec4 v0xbbac73c00_0;
    %assign/vec4 v0xbbac73ca0_0, 0;
    %load/vec4 v0xbbac73e80_0;
    %assign/vec4 v0xbbac73f20_0, 0;
    %load/vec4 v0xbbac94500_0;
    %assign/vec4 v0xbbac945a0_0, 0;
    %load/vec4 v0xbbac94640_0;
    %assign/vec4 v0xbbac946e0_0, 0;
T_6.1 ;
    %jmp T_6;
    .thread T_6;
    .scope S_0xbbac90600;
T_7 ;
    %wait E_0xbbb440600;
    %load/vec4 v0xbbac94780_0;
    %store/vec4 v0xbbac94820_0, 0, 2;
    %load/vec4 v0xbbac73ca0_0;
    %store/vec4 v0xbbac73c00_0, 0, 4;
    %load/vec4 v0xbbac73f20_0;
    %store/vec4 v0xbbac73e80_0, 0, 3;
    %load/vec4 v0xbbac94280_0;
    %store/vec4 v0xbbac941e0_0, 0, 8;
    %load/vec4 v0xbbac94460_0;
    %store/vec4 v0xbbac943c0_0, 0, 1;
    %load/vec4 v0xbbac940a0_0;
    %store/vec4 v0xbbac94500_0, 0, 1;
    %load/vec4 v0xbbac945a0_0;
    %store/vec4 v0xbbac94640_0, 0, 1;
    %load/vec4 v0xbbac94780_0;
    %dup/vec4;
    %pushi/vec4 0, 0, 2;
    %cmp/u;
    %jmp/1 T_7.0, 6;
    %dup/vec4;
    %pushi/vec4 1, 0, 2;
    %cmp/u;
    %jmp/1 T_7.1, 6;
    %dup/vec4;
    %pushi/vec4 2, 0, 2;
    %cmp/u;
    %jmp/1 T_7.2, 6;
    %dup/vec4;
    %pushi/vec4 3, 0, 2;
    %cmp/u;
    %jmp/1 T_7.3, 6;
    %jmp T_7.4;
T_7.0 ;
    %pushi/vec4 0, 0, 1;
    %store/vec4 v0xbbac943c0_0, 0, 1;
    %load/vec4 v0xbbac946e0_0;
    %cmpi/e 0, 0, 1;
    %jmp/0xz  T_7.5, 4;
    %pushi/vec4 0, 0, 4;
    %store/vec4 v0xbbac73c00_0, 0, 4;
    %pushi/vec4 0, 0, 3;
    %store/vec4 v0xbbac73e80_0, 0, 3;
    %pushi/vec4 0, 0, 8;
    %store/vec4 v0xbbac941e0_0, 0, 8;
    %pushi/vec4 1, 0, 2;
    %store/vec4 v0xbbac94820_0, 0, 2;
T_7.5 ;
    %jmp T_7.4;
T_7.1 ;
    %load/vec4 v0xbbac73d40_0;
    %flag_set/vec4 8;
    %jmp/0xz  T_7.7, 8;
    %load/vec4 v0xbbac73ca0_0;
    %pad/u 32;
    %cmpi/e 7, 0, 32;
    %jmp/0xz  T_7.9, 4;
    %pushi/vec4 0, 0, 4;
    %store/vec4 v0xbbac73c00_0, 0, 4;
    %pushi/vec4 2, 0, 2;
    %store/vec4 v0xbbac94820_0, 0, 2;
    %jmp T_7.10;
T_7.9 ;
    %load/vec4 v0xbbac73ca0_0;
    %addi 1, 0, 4;
    %store/vec4 v0xbbac73c00_0, 0, 4;
T_7.10 ;
T_7.7 ;
    %jmp T_7.4;
T_7.2 ;
    %load/vec4 v0xbbac73d40_0;
    %flag_set/vec4 8;
    %jmp/0xz  T_7.11, 8;
    %load/vec4 v0xbbac73ca0_0;
    %pad/u 32;
    %cmpi/e 15, 0, 32;
    %jmp/0xz  T_7.13, 4;
    %pushi/vec4 0, 0, 4;
    %store/vec4 v0xbbac73c00_0, 0, 4;
    %load/vec4 v0xbbac946e0_0;
    %load/vec4 v0xbbac94280_0;
    %parti/s 7, 1, 2;
    %concat/vec4; draw_concat_vec4
    %store/vec4 v0xbbac941e0_0, 0, 8;
    %load/vec4 v0xbbac73f20_0;
    %pad/u 32;
    %cmpi/e 7, 0, 32;
    %jmp/0xz  T_7.15, 4;
    %pushi/vec4 3, 0, 2;
    %store/vec4 v0xbbac94820_0, 0, 2;
    %pushi/vec4 0, 0, 4;
    %store/vec4 v0xbbac73c00_0, 0, 4;
    %jmp T_7.16;
T_7.15 ;
    %load/vec4 v0xbbac73f20_0;
    %addi 1, 0, 3;
    %store/vec4 v0xbbac73e80_0, 0, 3;
T_7.16 ;
    %jmp T_7.14;
T_7.13 ;
    %load/vec4 v0xbbac73ca0_0;
    %addi 1, 0, 4;
    %store/vec4 v0xbbac73c00_0, 0, 4;
T_7.14 ;
T_7.11 ;
    %jmp T_7.4;
T_7.3 ;
    %load/vec4 v0xbbac73d40_0;
    %flag_set/vec4 8;
    %jmp/0xz  T_7.17, 8;
    %load/vec4 v0xbbac73ca0_0;
    %pad/u 32;
    %cmpi/e 15, 0, 32;
    %jmp/0xz  T_7.19, 4;
    %pushi/vec4 0, 0, 4;
    %store/vec4 v0xbbac73c00_0, 0, 4;
    %pushi/vec4 1, 0, 1;
    %store/vec4 v0xbbac943c0_0, 0, 1;
    %pushi/vec4 0, 0, 2;
    %store/vec4 v0xbbac94820_0, 0, 2;
    %jmp T_7.20;
T_7.19 ;
    %load/vec4 v0xbbac73ca0_0;
    %addi 1, 0, 4;
    %store/vec4 v0xbbac73c00_0, 0, 4;
T_7.20 ;
T_7.17 ;
    %jmp T_7.4;
T_7.4 ;
    %pop/vec4 1;
    %jmp T_7;
    .thread T_7, $push;
    .scope S_0x102ccd320;
T_8 ;
    %wait E_0xbbb440400;
    %load/vec4 v0xbbac715e0_0;
    %flag_set/vec4 8;
    %jmp/0xz  T_8.0, 8;
    %pushi/vec4 0, 0, 32;
    %store/vec4 v0xbbac71360_0, 0, 32;
T_8.2 ; Top of for-loop
    %load/vec4 v0xbbac71360_0;
    %cmpi/s 8, 0, 32;
	  %jmp/0xz T_8.3, 5;
    %pushi/vec4 0, 0, 8;
    %ix/getv/s 3, v0xbbac71360_0;
    %ix/load 4, 0, 0; Constant delay
    %assign/vec4/a/d v0xbbac71400, 0, 4;
T_8.4 ; for-loop step statement
    %load/vec4 v0xbbac71360_0;
    %addi 1, 0, 32;
    %store/vec4 v0xbbac71360_0, 0, 32;
    %jmp T_8.2;
T_8.3 ; for-loop exit label
    %jmp T_8.1;
T_8.0 ;
    %load/vec4 v0xbbac717c0_0;
    %flag_set/vec4 8;
    %jmp/0xz  T_8.5, 8;
    %load/vec4 v0xbbac71720_0;
    %load/vec4 v0xbbac71680_0;
    %pad/u 5;
    %ix/vec4 3;
    %ix/load 4, 0, 0; Constant delay
    %assign/vec4/a/d v0xbbac71400, 0, 4;
T_8.5 ;
T_8.1 ;
    %jmp T_8;
    .thread T_8;
    .scope S_0x102cd97e0;
T_9 ;
    %wait E_0xbbb440400;
    %load/vec4 v0xbbac70dc0_0;
    %flag_set/vec4 8;
    %jmp/0xz  T_9.0, 8;
    %pushi/vec4 0, 0, 3;
    %assign/vec4 v0xbbac71040_0, 0;
    %pushi/vec4 0, 0, 3;
    %assign/vec4 v0xbbac70d20_0, 0;
    %pushi/vec4 0, 0, 1;
    %assign/vec4 v0xbbac70aa0_0, 0;
    %pushi/vec4 1, 0, 1;
    %assign/vec4 v0xbbac708c0_0, 0;
    %jmp T_9.1;
T_9.0 ;
    %load/vec4 v0xbbac70fa0_0;
    %assign/vec4 v0xbbac71040_0, 0;
    %load/vec4 v0xbbac70c80_0;
    %assign/vec4 v0xbbac70d20_0, 0;
    %load/vec4 v0xbbac70a00_0;
    %assign/vec4 v0xbbac70aa0_0, 0;
    %load/vec4 v0xbbac70820_0;
    %assign/vec4 v0xbbac708c0_0, 0;
T_9.1 ;
    %jmp T_9;
    .thread T_9;
    .scope S_0x102cd97e0;
T_10 ;
    %wait E_0xbbb4403c0;
    %load/vec4 v0xbbac71040_0;
    %store/vec4 v0xbbac70fa0_0, 0, 3;
    %load/vec4 v0xbbac70d20_0;
    %store/vec4 v0xbbac70c80_0, 0, 3;
    %load/vec4 v0xbbac70aa0_0;
    %store/vec4 v0xbbac70a00_0, 0, 1;
    %load/vec4 v0xbbac708c0_0;
    %store/vec4 v0xbbac70820_0, 0, 1;
    %load/vec4 v0xbbac70f00_0;
    %load/vec4 v0xbbac70be0_0;
    %concat/vec4; draw_concat_vec4
    %dup/vec4;
    %pushi/vec4 1, 0, 2;
    %cmp/u;
    %jmp/1 T_10.0, 6;
    %dup/vec4;
    %pushi/vec4 2, 0, 2;
    %cmp/u;
    %jmp/1 T_10.1, 6;
    %dup/vec4;
    %pushi/vec4 3, 0, 2;
    %cmp/u;
    %jmp/1 T_10.2, 6;
    %jmp T_10.3;
T_10.0 ;
    %load/vec4 v0xbbac708c0_0;
    %nor/r;
    %flag_set/vec4 8;
    %jmp/0xz  T_10.4, 8;
    %pushi/vec4 0, 0, 1;
    %store/vec4 v0xbbac70a00_0, 0, 1;
    %load/vec4 v0xbbac70d20_0;
    %addi 1, 0, 3;
    %store/vec4 v0xbbac70c80_0, 0, 3;
    %load/vec4 v0xbbac70c80_0;
    %load/vec4 v0xbbac71040_0;
    %cmp/e;
    %jmp/0xz  T_10.6, 4;
    %pushi/vec4 1, 0, 1;
    %store/vec4 v0xbbac70820_0, 0, 1;
T_10.6 ;
T_10.4 ;
    %jmp T_10.3;
T_10.1 ;
    %load/vec4 v0xbbac70aa0_0;
    %nor/r;
    %flag_set/vec4 8;
    %jmp/0xz  T_10.8, 8;
    %pushi/vec4 0, 0, 1;
    %store/vec4 v0xbbac70820_0, 0, 1;
    %load/vec4 v0xbbac71040_0;
    %addi 1, 0, 3;
    %store/vec4 v0xbbac70fa0_0, 0, 3;
    %load/vec4 v0xbbac70fa0_0;
    %load/vec4 v0xbbac70d20_0;
    %cmp/e;
    %jmp/0xz  T_10.10, 4;
    %pushi/vec4 1, 0, 1;
    %store/vec4 v0xbbac70a00_0, 0, 1;
T_10.10 ;
T_10.8 ;
    %jmp T_10.3;
T_10.2 ;
    %load/vec4 v0xbbac708c0_0;
    %flag_set/vec4 8;
    %jmp/0xz  T_10.12, 8;
    %load/vec4 v0xbbac71040_0;
    %addi 1, 0, 3;
    %store/vec4 v0xbbac70fa0_0, 0, 3;
    %pushi/vec4 0, 0, 1;
    %store/vec4 v0xbbac70820_0, 0, 1;
    %jmp T_10.13;
T_10.12 ;
    %load/vec4 v0xbbac70aa0_0;
    %flag_set/vec4 8;
    %jmp/0xz  T_10.14, 8;
    %load/vec4 v0xbbac70d20_0;
    %addi 1, 0, 3;
    %store/vec4 v0xbbac70c80_0, 0, 3;
    %pushi/vec4 0, 0, 1;
    %store/vec4 v0xbbac70a00_0, 0, 1;
    %jmp T_10.15;
T_10.14 ;
    %load/vec4 v0xbbac71040_0;
    %addi 1, 0, 3;
    %store/vec4 v0xbbac70fa0_0, 0, 3;
    %load/vec4 v0xbbac70d20_0;
    %addi 1, 0, 3;
    %store/vec4 v0xbbac70c80_0, 0, 3;
T_10.15 ;
T_10.13 ;
    %jmp T_10.3;
T_10.3 ;
    %pop/vec4 1;
    %jmp T_10;
    .thread T_10, $push;
    .scope S_0xbbac90180;
T_11 ;
    %wait E_0xbbb440400;
    %load/vec4 v0xbbac72e40_0;
    %flag_set/vec4 8;
    %jmp/0xz  T_11.0, 8;
    %pushi/vec4 0, 0, 32;
    %store/vec4 v0xbbac72bc0_0, 0, 32;
T_11.2 ; Top of for-loop
    %load/vec4 v0xbbac72bc0_0;
    %cmpi/s 8, 0, 32;
	  %jmp/0xz T_11.3, 5;
    %pushi/vec4 0, 0, 8;
    %ix/getv/s 3, v0xbbac72bc0_0;
    %ix/load 4, 0, 0; Constant delay
    %assign/vec4/a/d v0xbbac72c60, 0, 4;
T_11.4 ; for-loop step statement
    %load/vec4 v0xbbac72bc0_0;
    %addi 1, 0, 32;
    %store/vec4 v0xbbac72bc0_0, 0, 32;
    %jmp T_11.2;
T_11.3 ; for-loop exit label
    %jmp T_11.1;
T_11.0 ;
    %load/vec4 v0xbbac73020_0;
    %flag_set/vec4 8;
    %jmp/0xz  T_11.5, 8;
    %load/vec4 v0xbbac72f80_0;
    %load/vec4 v0xbbac72ee0_0;
    %pad/u 5;
    %ix/vec4 3;
    %ix/load 4, 0, 0; Constant delay
    %assign/vec4/a/d v0xbbac72c60, 0, 4;
T_11.5 ;
T_11.1 ;
    %jmp T_11;
    .thread T_11;
    .scope S_0xbbac90000;
T_12 ;
    %wait E_0xbbb440400;
    %load/vec4 v0xbbac72620_0;
    %flag_set/vec4 8;
    %jmp/0xz  T_12.0, 8;
    %pushi/vec4 0, 0, 3;
    %assign/vec4 v0xbbac728a0_0, 0;
    %pushi/vec4 0, 0, 3;
    %assign/vec4 v0xbbac72580_0, 0;
    %pushi/vec4 0, 0, 1;
    %assign/vec4 v0xbbac72300_0, 0;
    %pushi/vec4 1, 0, 1;
    %assign/vec4 v0xbbac72120_0, 0;
    %jmp T_12.1;
T_12.0 ;
    %load/vec4 v0xbbac72800_0;
    %assign/vec4 v0xbbac728a0_0, 0;
    %load/vec4 v0xbbac724e0_0;
    %assign/vec4 v0xbbac72580_0, 0;
    %load/vec4 v0xbbac72260_0;
    %assign/vec4 v0xbbac72300_0, 0;
    %load/vec4 v0xbbac72080_0;
    %assign/vec4 v0xbbac72120_0, 0;
T_12.1 ;
    %jmp T_12;
    .thread T_12;
    .scope S_0xbbac90000;
T_13 ;
    %wait E_0xbbb440540;
    %load/vec4 v0xbbac728a0_0;
    %store/vec4 v0xbbac72800_0, 0, 3;
    %load/vec4 v0xbbac72580_0;
    %store/vec4 v0xbbac724e0_0, 0, 3;
    %load/vec4 v0xbbac72300_0;
    %store/vec4 v0xbbac72260_0, 0, 1;
    %load/vec4 v0xbbac72120_0;
    %store/vec4 v0xbbac72080_0, 0, 1;
    %load/vec4 v0xbbac72760_0;
    %load/vec4 v0xbbac72440_0;
    %concat/vec4; draw_concat_vec4
    %dup/vec4;
    %pushi/vec4 1, 0, 2;
    %cmp/u;
    %jmp/1 T_13.0, 6;
    %dup/vec4;
    %pushi/vec4 2, 0, 2;
    %cmp/u;
    %jmp/1 T_13.1, 6;
    %dup/vec4;
    %pushi/vec4 3, 0, 2;
    %cmp/u;
    %jmp/1 T_13.2, 6;
    %jmp T_13.3;
T_13.0 ;
    %load/vec4 v0xbbac72120_0;
    %nor/r;
    %flag_set/vec4 8;
    %jmp/0xz  T_13.4, 8;
    %pushi/vec4 0, 0, 1;
    %store/vec4 v0xbbac72260_0, 0, 1;
    %load/vec4 v0xbbac72580_0;
    %addi 1, 0, 3;
    %store/vec4 v0xbbac724e0_0, 0, 3;
    %load/vec4 v0xbbac724e0_0;
    %load/vec4 v0xbbac728a0_0;
    %cmp/e;
    %jmp/0xz  T_13.6, 4;
    %pushi/vec4 1, 0, 1;
    %store/vec4 v0xbbac72080_0, 0, 1;
T_13.6 ;
T_13.4 ;
    %jmp T_13.3;
T_13.1 ;
    %load/vec4 v0xbbac72300_0;
    %nor/r;
    %flag_set/vec4 8;
    %jmp/0xz  T_13.8, 8;
    %pushi/vec4 0, 0, 1;
    %store/vec4 v0xbbac72080_0, 0, 1;
    %load/vec4 v0xbbac728a0_0;
    %addi 1, 0, 3;
    %store/vec4 v0xbbac72800_0, 0, 3;
    %load/vec4 v0xbbac72800_0;
    %load/vec4 v0xbbac72580_0;
    %cmp/e;
    %jmp/0xz  T_13.10, 4;
    %pushi/vec4 1, 0, 1;
    %store/vec4 v0xbbac72260_0, 0, 1;
T_13.10 ;
T_13.8 ;
    %jmp T_13.3;
T_13.2 ;
    %load/vec4 v0xbbac72120_0;
    %flag_set/vec4 8;
    %jmp/0xz  T_13.12, 8;
    %load/vec4 v0xbbac728a0_0;
    %addi 1, 0, 3;
    %store/vec4 v0xbbac72800_0, 0, 3;
    %pushi/vec4 0, 0, 1;
    %store/vec4 v0xbbac72080_0, 0, 1;
    %jmp T_13.13;
T_13.12 ;
    %load/vec4 v0xbbac72300_0;
    %flag_set/vec4 8;
    %jmp/0xz  T_13.14, 8;
    %load/vec4 v0xbbac72580_0;
    %addi 1, 0, 3;
    %store/vec4 v0xbbac724e0_0, 0, 3;
    %pushi/vec4 0, 0, 1;
    %store/vec4 v0xbbac72260_0, 0, 1;
    %jmp T_13.15;
T_13.14 ;
    %load/vec4 v0xbbac728a0_0;
    %addi 1, 0, 3;
    %store/vec4 v0xbbac72800_0, 0, 3;
    %load/vec4 v0xbbac72580_0;
    %addi 1, 0, 3;
    %store/vec4 v0xbbac724e0_0, 0, 3;
T_13.15 ;
T_13.13 ;
    %jmp T_13.3;
T_13.3 ;
    %pop/vec4 1;
    %jmp T_13;
    .thread T_13, $push;
    .scope S_0x102cd7f40;
T_14 ;
    %pushi/vec4 0, 0, 1;
    %store/vec4 v0xbbac96a80_0, 0, 1;
    %pushi/vec4 1, 0, 1;
    %store/vec4 v0xbbac96bc0_0, 0, 1;
    %pushi/vec4 1, 0, 1;
    %store/vec4 v0xbbac96c60_0, 0, 1;
    %end;
    .thread T_14, $init;
    .scope S_0x102cd7f40;
T_15 ;
    %delay 5000, 0;
    %load/vec4 v0xbbac96a80_0;
    %inv;
    %store/vec4 v0xbbac96a80_0, 0, 1;
    %jmp T_15;
    .thread T_15;
    .scope S_0x102cd7f40;
T_16 ;
    %vpi_call/w 3 61 "$dumpfile", "sim/uart_fifo_sim/tb_top_loop_test.vcd" {0 0 0};
    %vpi_call/w 3 62 "$dumpvars", 32'sb00000000000000000000000000000000, S_0x102cd7f40 {0 0 0};
    %pushi/vec4 165, 0, 8;
    %store/vec4 v0xbbac96d00_0, 0, 8;
    %delay 200000, 0;
    %pushi/vec4 0, 0, 1;
    %store/vec4 v0xbbac96bc0_0, 0, 1;
    %delay 200000, 0;
    %fork t_1, S_0x102cd7f40;
    %fork t_2, S_0x102cd7f40;
    %join;
    %join;
    %jmp t_0;
t_1 ;
    %load/vec4 v0xbbac96d00_0;
    %store/vec4 v0xbbac969e0_0, 0, 8;
    %fork TD_tb_top_loop_test.send_uart_byte, S_0xbbac90a80;
    %join;
    %end;
t_2 ;
    %fork TD_tb_top_loop_test.receive_uart_byte, S_0xbbac90900;
    %join;
    %load/vec4 v0xbbac968a0_0;
    %store/vec4 v0xbbac96b20_0, 0, 8;
    %vpi_call/w 3 76 "$display", "RX0=%02h at %0t", v0xbbac96b20_0, $time {0 0 0};
    %end;
    .scope S_0x102cd7f40;
t_0 ;
    %load/vec4 v0xbbac96b20_0;
    %load/vec4 v0xbbac96d00_0;
    %cmp/ne;
    %jmp/0xz  T_16.0, 6;
    %vpi_call/w 3 81 "$display", "FAIL: expected %02h, got %02h", v0xbbac96d00_0, v0xbbac96b20_0 {0 0 0};
    %vpi_call/w 3 82 "$finish_and_return", 32'sb00000000000000000000000000000001 {0 0 0};
T_16.0 ;
    %vpi_call/w 3 85 "$display", "PASS: loopback echoed %02h", v0xbbac96b20_0 {0 0 0};
    %delay 520800000, 0;
    %vpi_call/w 3 87 "$finish" {0 0 0};
    %end;
    .thread T_16;
# The file index is used to find the file name in the following table.
:file_names 8;
    "N/A";
    "<interactive>";
    "-";
    "sim/uart_fifo_sim/tb_top_loop_test.v";
    "sources_1/new/top_looptest.v";
    "sources_1/new/uart_fifo.v";
    "sources_1/new/fifo.v";
    "sources_1/new/uart.v";
